D:\Q\QUICKJUMP\SKYPEEXT\WINJUMP.NATIVEMODULE\WINJUMP.NATIVEMODULE\DEBUG\CLIPBOARDMONITOR.OBJ
D:\Q\QUICKJUMP\SKYPEEXT\WINJUMP.NATIVEMODULE\WINJUMP.NATIVEMODULE\DEBUG\LOGGER.OBJ
D:\Q\QUICKJUMP\SKYPEEXT\WINJUMP.NATIVEMODULE\WINJUMP.NATIVEMODULE\DEBUG\MONITOR.OBJ
D:\Q\QUICKJUMP\SKYPEEXT\WINJUMP.NATIVEMODULE\WINJUMP.NATIVEMODULE\DEBUG\WNDMONITROR.OBJ
D:\Q\QUICKJUMP\SKYPEEXT\WINJUMP.NATIVEMODULE\WINJUMP.NATIVEMODULE\DEBUG\VC110.PDB
D:\Q\QUICKJUMP\SKYPEEXT\WINJUMP.NATIVEMODULE\DEBUG\WINJUMP.NATIVEMODULE.ILK
D:\Q\QUICKJUMP\SKYPEEXT\WINJUMP.NATIVEMODULE\DEBUG\WINJUMP.NATIVEMODULE.DLL
D:\Q\QUICKJUMP\SKYPEEXT\WINJUMP.NATIVEMODULE\DEBUG\WINJUMP.NATIVEMODULE.PDB
D:\q\quickjump\skypeext\WinJump.NativeModule\WinJump.NativeModule\Debug\ClipBoardMonitor.obj
D:\q\quickjump\skypeext\WinJump.NativeModule\WinJump.NativeModule\Debug\Logger.obj
D:\q\quickjump\skypeext\WinJump.NativeModule\WinJump.NativeModule\Debug\Monitor.obj
D:\q\quickjump\skypeext\WinJump.NativeModule\WinJump.NativeModule\Debug\WndMonitror.obj
D:\q\quickjump\skypeext\WinJump.NativeModule\WinJump.NativeModule\Debug\cl.command.1.tlog
D:\q\quickjump\skypeext\WinJump.NativeModule\WinJump.NativeModule\Debug\CL.read.1.tlog
D:\q\quickjump\skypeext\WinJump.NativeModule\WinJump.NativeModule\Debug\CL.write.1.tlog
D:\q\quickjump\skypeext\WinJump.NativeModule\WinJump.NativeModule\Debug\link-cvtres.read.1.tlog
D:\q\quickjump\skypeext\WinJump.NativeModule\WinJump.NativeModule\Debug\link-cvtres.write.1.tlog
D:\q\quickjump\skypeext\WinJump.NativeModule\WinJump.NativeModule\Debug\link-rc.read.1.tlog
D:\q\quickjump\skypeext\WinJump.NativeModule\WinJump.NativeModule\Debug\link-rc.write.1.tlog
D:\q\quickjump\skypeext\WinJump.NativeModule\WinJump.NativeModule\Debug\link.command.1.tlog
D:\q\quickjump\skypeext\WinJump.NativeModule\WinJump.NativeModule\Debug\link.read.1.tlog
D:\q\quickjump\skypeext\WinJump.NativeModule\WinJump.NativeModule\Debug\link.write.1.tlog
D:\q\quickjump\skypeext\WinJump.NativeModule\WinJump.NativeModule\Debug\vc110.idb
D:\q\quickjump\skypeext\WinJump.NativeModule\WinJump.NativeModule\Debug\vc110.pdb
D:\q\quickjump\skypeext\WinJump.NativeModule\Debug\WinJump.NativeModule.pdb
D:\q\quickjump\skypeext\WinJump.NativeModule\Debug\WinJump.NativeModule.dll
D:\q\quickjump\skypeext\WinJump.NativeModule\Debug\WinJump.NativeModule.ilk
